<?xml version="1.0" encoding="UTF-8"?>
<!-- Generated by org.testng.reporters.JUnitXMLReporter -->
<testsuite ignored="0" hostname="EPAMYERW021B" failures="1" tests="5" name="TestAmazon" time="66.332" errors="0" timestamp="2022-10-25T18:24:13 AMT">
  <testcase classname="TestAmazon" name="checkFilteringFunctionality" time="20.236"/>
  <testcase classname="TestAmazon" name="checkPaginationAndHoveringOnBestSeller" time="12.391"/>
  <testcase classname="TestAmazon" name="filterFunctionality" time="9.825"/>
  <testcase classname="TestAmazon" name="testForCheckAllRatings" time="15.124">
    <failure type="java.lang.AssertionError" message="The following asserts failed:
	expected [100] but found [101]">
      <![CDATA[java.lang.AssertionError: The following asserts failed:
expected [100] but found [101]
at TestAmazon.testForCheckAllRatings(TestAmazon.java:63)
at java.base/java.util.ArrayList.forEach(ArrayList.java:1511)
... Removed 31 stack frames]]>
    </failure>
  </testcase> <!-- testForCheckAllRatings -->
  <testcase classname="TestAmazon" name="testForChoosingAmazonCategory" time="5.271"/>
</testsuite> <!-- TestAmazon -->
